<?xml version="1.0" encoding="UTF-8"?>
<!-- Generated by org.testng.reporters.JUnitReportReporter -->
<testsuite hostname="WINDOWS-O5DPIFF" failures="0" tests="1" name="rahulshettyacademy.MavenJava.Appiumtest" time="0.007" errors="0" timestamp="2022-04-23T00:23:47 PDT" skipped="0">
  <testcase classname="rahulshettyacademy.MavenJava.Appiumtest" name="NativeAppsAndroid" time="0.007"/>
  <system-out/>
</testsuite> <!-- rahulshettyacademy.MavenJava.Appiumtest -->
