<?xml version="1.0" encoding="UTF-8"?>
<!-- Generated by org.testng.reporters.JUnitReportReporter -->
<testsuite hostname="WINDOWS-O5DPIFF" failures="0" tests="2" name="rahulshettyacademy.MavenJava.AppiumTest" time="0.008" errors="0" timestamp="2022-04-23T01:10:14 PDT" skipped="0">
  <testcase classname="rahulshettyacademy.MavenJava.AppiumTest" name="NativeAppsAndroid" time="0.000"/>
  <system-out/>
  <testcase classname="rahulshettyacademy.MavenJava.AppiumTest" name="IOSApps" time="0.008"/>
  <system-out/>
</testsuite> <!-- rahulshettyacademy.MavenJava.AppiumTest -->
